Removed Pin From Net: NetName=+5VD Pin=P1-2
Removed Pin From Net: NetName=RST Pin=P1-3
Removed Pin From Net: NetName=+3V3D Pin=P1-4
Removed Pin From Net: NetName=+5VD Pin=P1-5
Removed Pin From Net: NetName=GND Pin=P1-6
Removed Pin From Net: NetName=GND Pin=P1-7
Removed Pin From Net: NetName=+VIN Pin=P1-8
Added Component: Designator=P1(HDR1X8F)
Add component. Clean all parameters for all variants
Add component (AddParameter): Name = "LatestRevisionDate"; Value = "17-Jul-2002"; VariantName = "[No Variations]"
Add component (AddParameter): Name = "LatestRevisionNote"; Value = "Re-released for DXP Platform."; VariantName = "[No Variations]"
Add component (AddParameter): Name = "Publisher"; Value = "Altium Limited"; VariantName = "[No Variations]"
Added Pin To Net: NetName=+VIN Pin=P1-1
Added Pin To Net: NetName=GND Pin=P1-2
Added Pin To Net: NetName=GND Pin=P1-3
Added Pin To Net: NetName=+5VD Pin=P1-4
Added Pin To Net: NetName=+3V3D Pin=P1-5
Added Pin To Net: NetName=RST Pin=P1-6
Added Pin To Net: NetName=+5VD Pin=P1-7
Added Room: Name=U_Sheet1
Added Room: Name=U_Sheet2
